[LOG] System::create                           : Header version = 2.00.07. Current version = 2.00.07.
[LOG] Manager::init                            : maxchannels = 256 studioflags = 00000006 flags 00000000 extradriverdata 0000000000000000.
[LOG] SystemI::init                            : Initialize version=20007 (107206), maxchannels=256, flags=0x00020000
[LOG] SystemI::setOutputInternal               : Setting output to 'FMOD WASAPI Output'
[LOG] OutputWASAPI::init                       : Mix Format (WAVEFORMATEX): wFormatTag=0xFFFE, nChannels=2, nSamplesPerSec=44100, nAvgBytesPerSec=352800, nBlockAlign=8, wBitsPerSample=32, cbSize=22.
[LOG] OutputWASAPI::init                       : Mix Format (WAVEFORMATEXTENSIBLE): wValidBitsPerSample=32, dwChannelMask=0x00000003, SubFormat=00000003-0000-0010-8000-00AA00389B71.
[LOG] OutputWASAPI::init                       : Output buffer size: 3760 samples, latency: 0.00ms, period: 10.00ms, DSP buffer: 1024 * 4
[WRN] SystemI::init                            : Output requires a sample rate of 44100Hz, resampling will occur.
[LOG] Thread::initThread                       : Init FMOD stream thread. Priority: 2, Stack Size: 98304, Semaphore: No, Sleep Time: 10, Looping: Yes.
[LOG] Thread::initThread                       : Init FMOD mixer thread. Priority: 3, Stack Size: 81920, Semaphore: No, Sleep Time: 0, Looping: Yes.
[LOG] AsyncManager::init                       : manager 000002440B50ADD8 isAsync 0 updatePeriod 0.02
[LOG] AsyncManager::init                       : done
[LOG] PlaybackSystem::init                     : 
[LOG] Thread::initThread                       : Init FMOD Studio sample load thread. Priority: 0, Stack Size: 98304, Semaphore: No, Sleep Time: 1, Looping: No.
[LOG] PlaybackSystem::init                     : done
[LOG] Thread::initThread                       : Init FMOD Studio bank load thread. Priority: 0, Stack Size: 98304, Semaphore: No, Sleep Time: 1, Looping: No.
[LOG] Manager::init                            : done.
[LOG] Manager::readBank                        : fileversion = 125, compatVersion = 119 (oldest = 44, newest = 125)
[LOG] Manager::readBank                        : fileversion = 125, compatVersion = 119 (oldest = 44, newest = 125)
[LOG] Manager::readBank                        : fileversion = 125, compatVersion = 119 (oldest = 44, newest = 125)
[LOG] PlaybackSystem::acquireMasterBus         : Setting master channel group format to 6
[LOG] Manager::readBank                        : fileversion = 125, compatVersion = 119 (oldest = 44, newest = 125)
[LOG] Manager::readBank                        : fileversion = 125, compatVersion = 119 (oldest = 44, newest = 125)
[LOG] Manager::readBank                        : fileversion = 125, compatVersion = 119 (oldest = 44, newest = 125)
[LOG] PlaybackSystem::acquireMasterBus         : Setting master channel group format to 6
[LOG] Manager::readBank                        : fileversion = 125, compatVersion = 119 (oldest = 44, newest = 125)
[LOG] Manager::readBank                        : fileversion = 125, compatVersion = 119 (oldest = 44, newest = 125)
[LOG] Manager::readBank                        : fileversion = 125, compatVersion = 119 (oldest = 44, newest = 125)
[LOG] PlaybackSystem::acquireMasterBus         : Setting master channel group format to 6
[LOG] Manager::readBank                        : fileversion = 125, compatVersion = 119 (oldest = 44, newest = 125)
[LOG] Manager::readBank                        : fileversion = 125, compatVersion = 119 (oldest = 44, newest = 125)
[LOG] Manager::readBank                        : fileversion = 125, compatVersion = 119 (oldest = 44, newest = 125)
[LOG] PlaybackSystem::acquireMasterBus         : Setting master channel group format to 6
[LOG] Manager::readBank                        : fileversion = 125, compatVersion = 119 (oldest = 44, newest = 125)
[LOG] PlaybackSystem::acquireMasterBus         : Setting master channel group format to 6
[LOG] SystemI::createSoundInternal             : Create name='', mode=0x02000202
[LOG] SystemI::createSoundInternal             : exinfo->cbsize             = 224
[LOG] SystemI::createSoundInternal             : exinfo->length             = 18336
[LOG] SystemI::createSoundInternal             : exinfo->fileoffset         = 8544
[LOG] SystemI::createSoundInternal             : exinfo->numsubsounds       = 1
[LOG] SystemI::createSoundInternal             : exinfo->inclusionlist      = 000000A40CA2F4AC
[LOG] SystemI::createSoundInternal             : exinfo->inclusionlistnum   = 1
[LOG] SystemI::createSoundInternal             : exinfo->suggestedsoundtype = 5
[LOG] SystemI::createSoundInternal             : exinfo->useropen           = 00007FFA0E608630
[LOG] SystemI::createSoundInternal             : exinfo->userclose          = 00007FFA0E608600
[LOG] SystemI::createSoundInternal             : exinfo->userread           = 00007FFA0E608700
[LOG] SystemI::createSoundInternal             : exinfo->userseek           = 00007FFA0E6087C0
[LOG] SystemI::createSoundInternal             : exinfo->fileuserdata       = 000002439E0621F8
[LOG] SystemI::createSoundInternal             : exinfo->initialseekpostype = 1
[LOG] SystemI::DSPCodecPoolRegister            : register codec pool for pool type 5
[LOG] SystemI::createSoundInternal             : Sample 0/1: name='FTS_Stone_06', format=2, channels=1, frequency=48000, lengthbytes=1184, lengthpcm=6390, pcmblocksize=0, loopstart=0, loopend=0, mode=0x00000000, channelmask=0x00000000, channelorder=0, peakvolume=0.051056.
[LOG] SystemI::createSoundInternal             : Create name='', mode=0x02000202
[LOG] SystemI::createSoundInternal             : exinfo->cbsize             = 224
[LOG] SystemI::createSoundInternal             : exinfo->length             = 18336
[LOG] SystemI::createSoundInternal             : exinfo->fileoffset         = 8544
[LOG] SystemI::createSoundInternal             : exinfo->numsubsounds       = 1
[LOG] SystemI::createSoundInternal             : exinfo->inclusionlist      = 000000A40CA2F4AC
[LOG] SystemI::createSoundInternal             : exinfo->inclusionlistnum   = 1
[LOG] SystemI::createSoundInternal             : exinfo->suggestedsoundtype = 5
[LOG] SystemI::createSoundInternal             : exinfo->useropen           = 00007FFA0E608630
[LOG] SystemI::createSoundInternal             : exinfo->userclose          = 00007FFA0E608600
[LOG] SystemI::createSoundInternal             : exinfo->userread           = 00007FFA0E608700
[LOG] SystemI::createSoundInternal             : exinfo->userseek           = 00007FFA0E6087C0
[LOG] SystemI::createSoundInternal             : exinfo->fileuserdata       = 000002439E0621F8
[LOG] SystemI::createSoundInternal             : exinfo->initialseekpostype = 1
[LOG] SystemI::DSPCodecPoolRegister            : register codec pool for pool type 5
[LOG] SystemI::createSoundInternal             : Sample 0/1: name='FTS_Stone_07', format=2, channels=1, frequency=48000, lengthbytes=928, lengthpcm=4970, pcmblocksize=0, loopstart=0, loopend=0, mode=0x00000000, channelmask=0x00000000, channelorder=0, peakvolume=0.061981.
[LOG] SystemI::createSoundInternal             : Create name='', mode=0x02000202
[LOG] SystemI::createSoundInternal             : exinfo->cbsize             = 224
[LOG] SystemI::createSoundInternal             : exinfo->length             = 18336
[LOG] SystemI::createSoundInternal             : exinfo->fileoffset         = 8544
[LOG] SystemI::createSoundInternal             : exinfo->numsubsounds       = 1
[LOG] SystemI::createSoundInternal             : exinfo->inclusionlist      = 000000A40CA2F4AC
[LOG] SystemI::createSoundInternal             : exinfo->inclusionlistnum   = 1
[LOG] SystemI::createSoundInternal             : exinfo->suggestedsoundtype = 5
[LOG] SystemI::createSoundInternal             : exinfo->useropen           = 00007FFA0E608630
[LOG] SystemI::createSoundInternal             : exinfo->userclose          = 00007FFA0E608600
[LOG] SystemI::createSoundInternal             : exinfo->userread           = 00007FFA0E608700
[LOG] SystemI::createSoundInternal             : exinfo->userseek           = 00007FFA0E6087C0
[LOG] SystemI::createSoundInternal             : exinfo->fileuserdata       = 000002439E0621F8
[LOG] SystemI::createSoundInternal             : exinfo->initialseekpostype = 1
[LOG] SystemI::DSPCodecPoolRegister            : register codec pool for pool type 5
[LOG] SystemI::createSoundInternal             : Sample 0/1: name='FTS_Stone_05', format=2, channels=1, frequency=48000, lengthbytes=1504, lengthpcm=7594, pcmblocksize=0, loopstart=0, loopend=0, mode=0x00000000, channelmask=0x00000000, channelorder=0, peakvolume=0.036011.
[LOG] SystemI::createSoundInternal             : Create name='', mode=0x02000202
[LOG] SystemI::createSoundInternal             : exinfo->cbsize             = 224
[LOG] SystemI::createSoundInternal             : exinfo->length             = 18336
[LOG] SystemI::createSoundInternal             : exinfo->fileoffset         = 8544
[LOG] SystemI::createSoundInternal             : exinfo->numsubsounds       = 1
[LOG] SystemI::createSoundInternal             : exinfo->inclusionlist      = 000000A40CA2F4AC
[LOG] SystemI::createSoundInternal             : exinfo->inclusionlistnum   = 1
[LOG] SystemI::createSoundInternal             : exinfo->suggestedsoundtype = 5
[LOG] SystemI::createSoundInternal             : exinfo->useropen           = 00007FFA0E608630
[LOG] SystemI::createSoundInternal             : exinfo->userclose          = 00007FFA0E608600
[LOG] SystemI::createSoundInternal             : exinfo->userread           = 00007FFA0E608700
[LOG] SystemI::createSoundInternal             : exinfo->userseek           = 00007FFA0E6087C0
[LOG] SystemI::createSoundInternal             : exinfo->fileuserdata       = 000002439E0621F8
[LOG] SystemI::createSoundInternal             : exinfo->initialseekpostype = 1
[LOG] SystemI::DSPCodecPoolRegister            : register codec pool for pool type 5
[LOG] SystemI::createSoundInternal             : Sample 0/1: name='FTS_Stone_01', format=2, channels=1, frequency=48000, lengthbytes=1888, lengthpcm=11493, pcmblocksize=0, loopstart=0, loopend=0, mode=0x00000000, channelmask=0x00000000, channelorder=0, peakvolume=0.042969.
[LOG] SystemI::createSoundInternal             : Create name='', mode=0x02000202
[LOG] SystemI::createSoundInternal             : exinfo->cbsize             = 224
[LOG] SystemI::createSoundInternal             : exinfo->length             = 18336
[LOG] SystemI::createSoundInternal             : exinfo->fileoffset         = 8544
[LOG] SystemI::createSoundInternal             : exinfo->numsubsounds       = 1
[LOG] SystemI::createSoundInternal             : exinfo->inclusionlist      = 000000A40CA2F4AC
[LOG] SystemI::createSoundInternal             : exinfo->inclusionlistnum   = 1
[LOG] SystemI::createSoundInternal             : exinfo->suggestedsoundtype = 5
[LOG] SystemI::createSoundInternal             : exinfo->useropen           = 00007FFA0E608630
[LOG] SystemI::createSoundInternal             : exinfo->userclose          = 00007FFA0E608600
[LOG] SystemI::createSoundInternal             : exinfo->userread           = 00007FFA0E608700
[LOG] SystemI::createSoundInternal             : exinfo->userseek           = 00007FFA0E6087C0
[LOG] SystemI::createSoundInternal             : exinfo->fileuserdata       = 000002439E0621F8
[LOG] SystemI::createSoundInternal             : exinfo->initialseekpostype = 1
[LOG] SystemI::DSPCodecPoolRegister            : register codec pool for pool type 5
[LOG] SystemI::createSoundInternal             : Sample 0/1: name='FTS_Stone_04', format=2, channels=1, frequency=48000, lengthbytes=1600, lengthpcm=9125, pcmblocksize=0, loopstart=0, loopend=0, mode=0x00000000, channelmask=0x00000000, channelorder=0, peakvolume=0.050476.
[LOG] SystemI::createSoundInternal             : Create name='', mode=0x02000202
[LOG] SystemI::createSoundInternal             : exinfo->cbsize             = 224
[LOG] SystemI::createSoundInternal             : exinfo->length             = 18336
[LOG] SystemI::createSoundInternal             : exinfo->fileoffset         = 8544
[LOG] SystemI::createSoundInternal             : exinfo->numsubsounds       = 1
[LOG] SystemI::createSoundInternal             : exinfo->inclusionlist      = 000000A40CA2F4AC
[LOG] SystemI::createSoundInternal             : exinfo->inclusionlistnum   = 1
[LOG] SystemI::createSoundInternal             : exinfo->suggestedsoundtype = 5
[LOG] SystemI::createSoundInternal             : exinfo->useropen           = 00007FFA0E608630
[LOG] SystemI::createSoundInternal             : exinfo->userclose          = 00007FFA0E608600
[LOG] SystemI::createSoundInternal             : exinfo->userread           = 00007FFA0E608700
[LOG] SystemI::createSoundInternal             : exinfo->userseek           = 00007FFA0E6087C0
[LOG] SystemI::createSoundInternal             : exinfo->fileuserdata       = 000002439E0621F8
[LOG] SystemI::createSoundInternal             : exinfo->initialseekpostype = 1
[LOG] SystemI::DSPCodecPoolRegister            : register codec pool for pool type 5
[LOG] SystemI::createSoundInternal             : Sample 0/1: name='FTS_Stone_08', format=2, channels=1, frequency=48000, lengthbytes=1376, lengthpcm=7134, pcmblocksize=0, loopstart=0, loopend=0, mode=0x00000000, channelmask=0x00000000, channelorder=0, peakvolume=0.037537.
[LOG] SystemI::createSoundInternal             : Create name='', mode=0x02000202
[LOG] SystemI::createSoundInternal             : exinfo->cbsize             = 224
[LOG] SystemI::createSoundInternal             : exinfo->length             = 18336
[LOG] SystemI::createSoundInternal             : exinfo->fileoffset         = 8544
[LOG] SystemI::createSoundInternal             : exinfo->numsubsounds       = 1
[LOG] SystemI::createSoundInternal             : exinfo->inclusionlist      = 000000A40CA2F4AC
[LOG] SystemI::createSoundInternal             : exinfo->inclusionlistnum   = 1
[LOG] SystemI::createSoundInternal             : exinfo->suggestedsoundtype = 5
[LOG] SystemI::createSoundInternal             : exinfo->useropen           = 00007FFA0E608630
[LOG] SystemI::createSoundInternal             : exinfo->userclose          = 00007FFA0E608600
[LOG] SystemI::createSoundInternal             : exinfo->userread           = 00007FFA0E608700
[LOG] SystemI::createSoundInternal             : exinfo->userseek           = 00007FFA0E6087C0
[LOG] SystemI::createSoundInternal             : exinfo->fileuserdata       = 000002439E0621F8
[LOG] SystemI::createSoundInternal             : exinfo->initialseekpostype = 1
[LOG] SystemI::DSPCodecPoolRegister            : register codec pool for pool type 5
[LOG] SystemI::createSoundInternal             : Sample 0/1: name='FTS_Stone_10', format=2, channels=1, frequency=48000, lengthbytes=1184, lengthpcm=6466, pcmblocksize=0, loopstart=0, loopend=0, mode=0x00000000, channelmask=0x00000000, channelorder=0, peakvolume=0.044159.
[LOG] SystemI::createSoundInternal             : Create name='', mode=0x02000202
[LOG] SystemI::createSoundInternal             : exinfo->cbsize             = 224
[LOG] SystemI::createSoundInternal             : exinfo->length             = 18336
[LOG] SystemI::createSoundInternal             : exinfo->fileoffset         = 8544
[LOG] SystemI::createSoundInternal             : exinfo->numsubsounds       = 1
[LOG] SystemI::createSoundInternal             : exinfo->inclusionlist      = 000000A40CA2F4AC
[LOG] SystemI::createSoundInternal             : exinfo->inclusionlistnum   = 1
[LOG] SystemI::createSoundInternal             : exinfo->suggestedsoundtype = 5
[LOG] SystemI::createSoundInternal             : exinfo->useropen           = 00007FFA0E608630
[LOG] SystemI::createSoundInternal             : exinfo->userclose          = 00007FFA0E608600
[LOG] SystemI::createSoundInternal             : exinfo->userread           = 00007FFA0E608700
[LOG] SystemI::createSoundInternal             : exinfo->userseek           = 00007FFA0E6087C0
[LOG] SystemI::createSoundInternal             : exinfo->fileuserdata       = 000002439E0621F8
[LOG] SystemI::createSoundInternal             : exinfo->initialseekpostype = 1
[LOG] SystemI::DSPCodecPoolRegister            : register codec pool for pool type 5
[LOG] SystemI::createSoundInternal             : Sample 0/1: name='FTS_Stone_11', format=2, channels=1, frequency=48000, lengthbytes=1184, lengthpcm=6466, pcmblocksize=0, loopstart=0, loopend=0, mode=0x00000000, channelmask=0x00000000, channelorder=0, peakvolume=0.044159.
[LOG] SystemI::createSoundInternal             : Create name='', mode=0x02000202
[LOG] SystemI::createSoundInternal             : exinfo->cbsize             = 224
[LOG] SystemI::createSoundInternal             : exinfo->length             = 18336
[LOG] SystemI::createSoundInternal             : exinfo->fileoffset         = 8544
[LOG] SystemI::createSoundInternal             : exinfo->numsubsounds       = 1
[LOG] SystemI::createSoundInternal             : exinfo->inclusionlist      = 000000A40CA2F4AC
[LOG] SystemI::createSoundInternal             : exinfo->inclusionlistnum   = 1
[LOG] SystemI::createSoundInternal             : exinfo->suggestedsoundtype = 5
[LOG] SystemI::createSoundInternal             : exinfo->useropen           = 00007FFA0E608630
[LOG] SystemI::createSoundInternal             : exinfo->userclose          = 00007FFA0E608600
[LOG] SystemI::createSoundInternal             : exinfo->userread           = 00007FFA0E608700
[LOG] SystemI::createSoundInternal             : exinfo->userseek           = 00007FFA0E6087C0
[LOG] SystemI::createSoundInternal             : exinfo->fileuserdata       = 000002439E0621F8
[LOG] SystemI::createSoundInternal             : exinfo->initialseekpostype = 1
[LOG] SystemI::DSPCodecPoolRegister            : register codec pool for pool type 5
[LOG] SystemI::createSoundInternal             : Sample 0/1: name='FTS_Stone_03', format=2, channels=1, frequency=48000, lengthbytes=1600, lengthpcm=8766, pcmblocksize=0, loopstart=0, loopend=0, mode=0x00000000, channelmask=0x00000000, channelorder=0, peakvolume=0.023926.
[LOG] SystemI::createSoundInternal             : Create name='', mode=0x02000202
[LOG] SystemI::createSoundInternal             : exinfo->cbsize             = 224
[LOG] SystemI::createSoundInternal             : exinfo->length             = 18336
[LOG] SystemI::createSoundInternal             : exinfo->fileoffset         = 8544
[LOG] SystemI::createSoundInternal             : exinfo->numsubsounds       = 1
[LOG] SystemI::createSoundInternal             : exinfo->inclusionlist      = 000000A40CA2F4AC
[LOG] SystemI::createSoundInternal             : exinfo->inclusionlistnum   = 1
[LOG] SystemI::createSoundInternal             : exinfo->suggestedsoundtype = 5
[LOG] SystemI::createSoundInternal             : exinfo->useropen           = 00007FFA0E608630
[LOG] SystemI::createSoundInternal             : exinfo->userclose          = 00007FFA0E608600
[LOG] SystemI::createSoundInternal             : exinfo->userread           = 00007FFA0E608700
[LOG] SystemI::createSoundInternal             : exinfo->userseek           = 00007FFA0E6087C0
[LOG] SystemI::createSoundInternal             : exinfo->fileuserdata       = 000002439E0621F8
[LOG] SystemI::createSoundInternal             : exinfo->initialseekpostype = 1
[LOG] SystemI::DSPCodecPoolRegister            : register codec pool for pool type 5
[LOG] SystemI::createSoundInternal             : Sample 0/1: name='FTS_Stone_12', format=2, channels=1, frequency=48000, lengthbytes=1888, lengthpcm=11048, pcmblocksize=0, loopstart=0, loopend=0, mode=0x00000000, channelmask=0x00000000, channelorder=0, peakvolume=0.008362.
[LOG] SystemI::createSoundInternal             : Create name='', mode=0x02000202
[LOG] SystemI::createSoundInternal             : exinfo->cbsize             = 224
[LOG] SystemI::createSoundInternal             : exinfo->length             = 18336
[LOG] SystemI::createSoundInternal             : exinfo->fileoffset         = 8544
[LOG] SystemI::createSoundInternal             : exinfo->numsubsounds       = 1
[LOG] SystemI::createSoundInternal             : exinfo->inclusionlist      = 000000A40CA2F4AC
[LOG] SystemI::createSoundInternal             : exinfo->inclusionlistnum   = 1
[LOG] SystemI::createSoundInternal             : exinfo->suggestedsoundtype = 5
[LOG] SystemI::createSoundInternal             : exinfo->useropen           = 00007FFA0E608630
[LOG] SystemI::createSoundInternal             : exinfo->userclose          = 00007FFA0E608600
[LOG] SystemI::createSoundInternal             : exinfo->userread           = 00007FFA0E608700
[LOG] SystemI::createSoundInternal             : exinfo->userseek           = 00007FFA0E6087C0
[LOG] SystemI::createSoundInternal             : exinfo->fileuserdata       = 000002439E0621F8
[LOG] SystemI::createSoundInternal             : exinfo->initialseekpostype = 1
[LOG] SystemI::DSPCodecPoolRegister            : register codec pool for pool type 5
[LOG] SystemI::createSoundInternal             : Sample 0/1: name='FTS_Stone_09', format=2, channels=1, frequency=48000, lengthbytes=1664, lengthpcm=9263, pcmblocksize=0, loopstart=0, loopend=0, mode=0x00000000, channelmask=0x00000000, channelorder=0, peakvolume=0.032471.
[LOG] SystemI::createSoundInternal             : Create name='', mode=0x02000202
[LOG] SystemI::createSoundInternal             : exinfo->cbsize             = 224
[LOG] SystemI::createSoundInternal             : exinfo->length             = 18336
[LOG] SystemI::createSoundInternal             : exinfo->fileoffset         = 8544
[LOG] SystemI::createSoundInternal             : exinfo->numsubsounds       = 1
[LOG] SystemI::createSoundInternal             : exinfo->inclusionlist      = 000000A40CA2F4AC
[LOG] SystemI::createSoundInternal             : exinfo->inclusionlistnum   = 1
[LOG] SystemI::createSoundInternal             : exinfo->suggestedsoundtype = 5
[LOG] SystemI::createSoundInternal             : exinfo->useropen           = 00007FFA0E608630
[LOG] SystemI::createSoundInternal             : exinfo->userclose          = 00007FFA0E608600
[LOG] SystemI::createSoundInternal             : exinfo->userread           = 00007FFA0E608700
[LOG] SystemI::createSoundInternal             : exinfo->userseek           = 00007FFA0E6087C0
[LOG] SystemI::createSoundInternal             : exinfo->fileuserdata       = 000002439E0621F8
[LOG] SystemI::createSoundInternal             : exinfo->initialseekpostype = 1
[LOG] SystemI::DSPCodecPoolRegister            : register codec pool for pool type 5
[LOG] SystemI::createSoundInternal             : Sample 0/1: name='FTS_Stone_02', format=2, channels=1, frequency=48000, lengthbytes=1728, lengthpcm=9984, pcmblocksize=0, loopstart=0, loopend=0, mode=0x00000000, channelmask=0x00000000, channelorder=0, peakvolume=0.044678.
[LOG] SoundI::release                          :  (0000024410E804C8)
[LOG] SoundI::release                          :     FTS_Stone_01 (000002440B93F538)
[LOG] SoundI::release                          :  (0000024411197A08)
[LOG] SoundI::release                          :     FTS_Stone_02 (000002440B93DE78)
[LOG] SoundI::release                          :  (0000024411196A38)
[LOG] SoundI::release                          :     FTS_Stone_03 (000002440B93A738)
[LOG] SoundI::release                          :  (00000241BA58D738)
[LOG] SoundI::release                          :     FTS_Stone_04 (000002440B93B0F8)
[LOG] SoundI::release                          :  (0000024410E80358)
[LOG] SoundI::release                          :     FTS_Stone_05 (000002440B93C958)
[LOG] SoundI::release                          :  (0000024410E80918)
[LOG] SoundI::release                          :     FTS_Stone_06 (000002440B93E018)
[LOG] SoundI::release                          :  (0000024410E80078)
[LOG] SoundI::release                          :     FTS_Stone_07 (000002440B93AF58)
[LOG] SoundI::release                          :  (00000241BA58DA18)
[LOG] SoundI::release                          :     FTS_Stone_08 (000002440B93B5D8)
[LOG] SoundI::release                          :  (0000024411196758)
[LOG] SoundI::release                          :     FTS_Stone_09 (000002440B93C2D8)
[LOG] SoundI::release                          :  (00000241BA58D178)
[LOG] SoundI::release                          :     FTS_Stone_10 (000002440B93FEF8)
[LOG] SoundI::release                          :  (00000241BA5EC718)
[LOG] SoundI::release                          :     FTS_Stone_11 (000002440B93CAF8)
[LOG] SoundI::release                          :  (0000024411196E88)
[LOG] SoundI::release                          :     FTS_Stone_12 (000002440B93BAB8)
[LOG] Manager::readBank                        : fileversion = 125, compatVersion = 119 (oldest = 44, newest = 125)
[LOG] PlaybackSystem::acquireMasterBus         : Setting master channel group format to 6
[LOG] SystemI::createSoundInternal             : Create name='', mode=0x02000202
[LOG] SystemI::createSoundInternal             : exinfo->cbsize             = 224
[LOG] SystemI::createSoundInternal             : exinfo->length             = 18336
[LOG] SystemI::createSoundInternal             : exinfo->fileoffset         = 8544
[LOG] SystemI::createSoundInternal             : exinfo->numsubsounds       = 1
[LOG] SystemI::createSoundInternal             : exinfo->inclusionlist      = 000000A40CA2F4AC
[LOG] SystemI::createSoundInternal             : exinfo->inclusionlistnum   = 1
[LOG] SystemI::createSoundInternal             : exinfo->suggestedsoundtype = 5
[LOG] SystemI::createSoundInternal             : exinfo->useropen           = 00007FFA0E608630
[LOG] SystemI::createSoundInternal             : exinfo->userclose          = 00007FFA0E608600
[LOG] SystemI::createSoundInternal             : exinfo->userread           = 00007FFA0E608700
[LOG] SystemI::createSoundInternal             : exinfo->userseek           = 00007FFA0E6087C0
[LOG] SystemI::createSoundInternal             : exinfo->fileuserdata       = 000002439E05FEE8
[LOG] SystemI::createSoundInternal             : exinfo->initialseekpostype = 1
[LOG] SystemI::DSPCodecPoolRegister            : register codec pool for pool type 5
[LOG] SystemI::createSoundInternal             : Sample 0/1: name='FTS_Stone_06', format=2, channels=1, frequency=48000, lengthbytes=1184, lengthpcm=6390, pcmblocksize=0, loopstart=0, loopend=0, mode=0x00000000, channelmask=0x00000000, channelorder=0, peakvolume=0.051056.
[LOG] SystemI::createSoundInternal             : Create name='', mode=0x02000202
[LOG] SystemI::createSoundInternal             : exinfo->cbsize             = 224
[LOG] SystemI::createSoundInternal             : exinfo->length             = 18336
[LOG] SystemI::createSoundInternal             : exinfo->fileoffset         = 8544
[LOG] SystemI::createSoundInternal             : exinfo->numsubsounds       = 1
[LOG] SystemI::createSoundInternal             : exinfo->inclusionlist      = 000000A40CA2F4AC
[LOG] SystemI::createSoundInternal             : exinfo->inclusionlistnum   = 1
[LOG] SystemI::createSoundInternal             : exinfo->suggestedsoundtype = 5
[LOG] SystemI::createSoundInternal             : exinfo->useropen           = 00007FFA0E608630
[LOG] SystemI::createSoundInternal             : exinfo->userclose          = 00007FFA0E608600
[LOG] SystemI::createSoundInternal             : exinfo->userread           = 00007FFA0E608700
[LOG] SystemI::createSoundInternal             : exinfo->userseek           = 00007FFA0E6087C0
[LOG] SystemI::createSoundInternal             : exinfo->fileuserdata       = 000002439E05FEE8
[LOG] SystemI::createSoundInternal             : exinfo->initialseekpostype = 1
[LOG] SystemI::DSPCodecPoolRegister            : register codec pool for pool type 5
[LOG] SystemI::createSoundInternal             : Sample 0/1: name='FTS_Stone_07', format=2, channels=1, frequency=48000, lengthbytes=928, lengthpcm=4970, pcmblocksize=0, loopstart=0, loopend=0, mode=0x00000000, channelmask=0x00000000, channelorder=0, peakvolume=0.061981.
[LOG] SystemI::createSoundInternal             : Create name='', mode=0x02000202
[LOG] SystemI::createSoundInternal             : exinfo->cbsize             = 224
[LOG] SystemI::createSoundInternal             : exinfo->length             = 18336
[LOG] SystemI::createSoundInternal             : exinfo->fileoffset         = 8544
[LOG] SystemI::createSoundInternal             : exinfo->numsubsounds       = 1
[LOG] SystemI::createSoundInternal             : exinfo->inclusionlist      = 000000A40CA2F4AC
[LOG] SystemI::createSoundInternal             : exinfo->inclusionlistnum   = 1
[LOG] SystemI::createSoundInternal             : exinfo->suggestedsoundtype = 5
[LOG] SystemI::createSoundInternal             : exinfo->useropen           = 00007FFA0E608630
[LOG] SystemI::createSoundInternal             : exinfo->userclose          = 00007FFA0E608600
[LOG] SystemI::createSoundInternal             : exinfo->userread           = 00007FFA0E608700
[LOG] SystemI::createSoundInternal             : exinfo->userseek           = 00007FFA0E6087C0
[LOG] SystemI::createSoundInternal             : exinfo->fileuserdata       = 000002439E05FEE8
[LOG] SystemI::createSoundInternal             : exinfo->initialseekpostype = 1
[LOG] SystemI::DSPCodecPoolRegister            : register codec pool for pool type 5
[LOG] SystemI::createSoundInternal             : Sample 0/1: name='FTS_Stone_05', format=2, channels=1, frequency=48000, lengthbytes=1504, lengthpcm=7594, pcmblocksize=0, loopstart=0, loopend=0, mode=0x00000000, channelmask=0x00000000, channelorder=0, peakvolume=0.036011.
[LOG] SystemI::createSoundInternal             : Create name='', mode=0x02000202
[LOG] SystemI::createSoundInternal             : exinfo->cbsize             = 224
[LOG] SystemI::createSoundInternal             : exinfo->length             = 18336
[LOG] SystemI::createSoundInternal             : exinfo->fileoffset         = 8544
[LOG] SystemI::createSoundInternal             : exinfo->numsubsounds       = 1
[LOG] SystemI::createSoundInternal             : exinfo->inclusionlist      = 000000A40CA2F4AC
[LOG] SystemI::createSoundInternal             : exinfo->inclusionlistnum   = 1
[LOG] SystemI::createSoundInternal             : exinfo->suggestedsoundtype = 5
[LOG] SystemI::createSoundInternal             : exinfo->useropen           = 00007FFA0E608630
[LOG] SystemI::createSoundInternal             : exinfo->userclose          = 00007FFA0E608600
[LOG] SystemI::createSoundInternal             : exinfo->userread           = 00007FFA0E608700
[LOG] SystemI::createSoundInternal             : exinfo->userseek           = 00007FFA0E6087C0
[LOG] SystemI::createSoundInternal             : exinfo->fileuserdata       = 000002439E05FEE8
[LOG] SystemI::createSoundInternal             : exinfo->initialseekpostype = 1
[LOG] SystemI::DSPCodecPoolRegister            : register codec pool for pool type 5
[LOG] SystemI::createSoundInternal             : Sample 0/1: name='FTS_Stone_01', format=2, channels=1, frequency=48000, lengthbytes=1888, lengthpcm=11493, pcmblocksize=0, loopstart=0, loopend=0, mode=0x00000000, channelmask=0x00000000, channelorder=0, peakvolume=0.042969.
[LOG] SystemI::createSoundInternal             : Create name='', mode=0x02000202
[LOG] SystemI::createSoundInternal             : exinfo->cbsize             = 224
[LOG] SystemI::createSoundInternal             : exinfo->length             = 18336
[LOG] SystemI::createSoundInternal             : exinfo->fileoffset         = 8544
[LOG] SystemI::createSoundInternal             : exinfo->numsubsounds       = 1
[LOG] SystemI::createSoundInternal             : exinfo->inclusionlist      = 000000A40CA2F4AC
[LOG] SystemI::createSoundInternal             : exinfo->inclusionlistnum   = 1
[LOG] SystemI::createSoundInternal             : exinfo->suggestedsoundtype = 5
[LOG] SystemI::createSoundInternal             : exinfo->useropen           = 00007FFA0E608630
[LOG] SystemI::createSoundInternal             : exinfo->userclose          = 00007FFA0E608600
[LOG] SystemI::createSoundInternal             : exinfo->userread           = 00007FFA0E608700
[LOG] SystemI::createSoundInternal             : exinfo->userseek           = 00007FFA0E6087C0
[LOG] SystemI::createSoundInternal             : exinfo->fileuserdata       = 000002439E05FEE8
[LOG] SystemI::createSoundInternal             : exinfo->initialseekpostype = 1
[LOG] SystemI::DSPCodecPoolRegister            : register codec pool for pool type 5
[LOG] SystemI::createSoundInternal             : Sample 0/1: name='FTS_Stone_04', format=2, channels=1, frequency=48000, lengthbytes=1600, lengthpcm=9125, pcmblocksize=0, loopstart=0, loopend=0, mode=0x00000000, channelmask=0x00000000, channelorder=0, peakvolume=0.050476.
[LOG] SystemI::createSoundInternal             : Create name='', mode=0x02000202
[LOG] SystemI::createSoundInternal             : exinfo->cbsize             = 224
[LOG] SystemI::createSoundInternal             : exinfo->length             = 18336
[LOG] SystemI::createSoundInternal             : exinfo->fileoffset         = 8544
[LOG] SystemI::createSoundInternal             : exinfo->numsubsounds       = 1
[LOG] SystemI::createSoundInternal             : exinfo->inclusionlist      = 000000A40CA2F4AC
[LOG] SystemI::createSoundInternal             : exinfo->inclusionlistnum   = 1
[LOG] SystemI::createSoundInternal             : exinfo->suggestedsoundtype = 5
[LOG] SystemI::createSoundInternal             : exinfo->useropen           = 00007FFA0E608630
[LOG] SystemI::createSoundInternal             : exinfo->userclose          = 00007FFA0E608600
[LOG] SystemI::createSoundInternal             : exinfo->userread           = 00007FFA0E608700
[LOG] SystemI::createSoundInternal             : exinfo->userseek           = 00007FFA0E6087C0
[LOG] SystemI::createSoundInternal             : exinfo->fileuserdata       = 000002439E05FEE8
[LOG] SystemI::createSoundInternal             : exinfo->initialseekpostype = 1
[LOG] SystemI::DSPCodecPoolRegister            : register codec pool for pool type 5
[LOG] SystemI::createSoundInternal             : Sample 0/1: name='FTS_Stone_08', format=2, channels=1, frequency=48000, lengthbytes=1376, lengthpcm=7134, pcmblocksize=0, loopstart=0, loopend=0, mode=0x00000000, channelmask=0x00000000, channelorder=0, peakvolume=0.037537.
[LOG] SystemI::createSoundInternal             : Create name='', mode=0x02000202
[LOG] SystemI::createSoundInternal             : exinfo->cbsize             = 224
[LOG] SystemI::createSoundInternal             : exinfo->length             = 18336
[LOG] SystemI::createSoundInternal             : exinfo->fileoffset         = 8544
[LOG] SystemI::createSoundInternal             : exinfo->numsubsounds       = 1
[LOG] SystemI::createSoundInternal             : exinfo->inclusionlist      = 000000A40CA2F4AC
[LOG] SystemI::createSoundInternal             : exinfo->inclusionlistnum   = 1
[LOG] SystemI::createSoundInternal             : exinfo->suggestedsoundtype = 5
[LOG] SystemI::createSoundInternal             : exinfo->useropen           = 00007FFA0E608630
[LOG] SystemI::createSoundInternal             : exinfo->userclose          = 00007FFA0E608600
[LOG] SystemI::createSoundInternal             : exinfo->userread           = 00007FFA0E608700
[LOG] SystemI::createSoundInternal             : exinfo->userseek           = 00007FFA0E6087C0
[LOG] SystemI::createSoundInternal             : exinfo->fileuserdata       = 000002439E05FEE8
[LOG] SystemI::createSoundInternal             : exinfo->initialseekpostype = 1
[LOG] SystemI::DSPCodecPoolRegister            : register codec pool for pool type 5
[LOG] SystemI::createSoundInternal             : Sample 0/1: name='FTS_Stone_10', format=2, channels=1, frequency=48000, lengthbytes=1184, lengthpcm=6466, pcmblocksize=0, loopstart=0, loopend=0, mode=0x00000000, channelmask=0x00000000, channelorder=0, peakvolume=0.044159.
[LOG] SystemI::createSoundInternal             : Create name='', mode=0x02000202
[LOG] SystemI::createSoundInternal             : exinfo->cbsize             = 224
[LOG] SystemI::createSoundInternal             : exinfo->length             = 18336
[LOG] SystemI::createSoundInternal             : exinfo->fileoffset         = 8544
[LOG] SystemI::createSoundInternal             : exinfo->numsubsounds       = 1
[LOG] SystemI::createSoundInternal             : exinfo->inclusionlist      = 000000A40CA2F4AC
[LOG] SystemI::createSoundInternal             : exinfo->inclusionlistnum   = 1
[LOG] SystemI::createSoundInternal             : exinfo->suggestedsoundtype = 5
[LOG] SystemI::createSoundInternal             : exinfo->useropen           = 00007FFA0E608630
[LOG] SystemI::createSoundInternal             : exinfo->userclose          = 00007FFA0E608600
[LOG] SystemI::createSoundInternal             : exinfo->userread           = 00007FFA0E608700
[LOG] SystemI::createSoundInternal             : exinfo->userseek           = 00007FFA0E6087C0
[LOG] SystemI::createSoundInternal             : exinfo->fileuserdata       = 000002439E05FEE8
[LOG] SystemI::createSoundInternal             : exinfo->initialseekpostype = 1
[LOG] SystemI::DSPCodecPoolRegister            : register codec pool for pool type 5
[LOG] SystemI::createSoundInternal             : Sample 0/1: name='FTS_Stone_11', format=2, channels=1, frequency=48000, lengthbytes=1184, lengthpcm=6466, pcmblocksize=0, loopstart=0, loopend=0, mode=0x00000000, channelmask=0x00000000, channelorder=0, peakvolume=0.044159.
[LOG] SystemI::createSoundInternal             : Create name='', mode=0x02000202
[LOG] SystemI::createSoundInternal             : exinfo->cbsize             = 224
[LOG] SystemI::createSoundInternal             : exinfo->length             = 18336
[LOG] SystemI::createSoundInternal             : exinfo->fileoffset         = 8544
[LOG] SystemI::createSoundInternal             : exinfo->numsubsounds       = 1
[LOG] SystemI::createSoundInternal             : exinfo->inclusionlist      = 000000A40CA2F4AC
[LOG] SystemI::createSoundInternal             : exinfo->inclusionlistnum   = 1
[LOG] SystemI::createSoundInternal             : exinfo->suggestedsoundtype = 5
[LOG] SystemI::createSoundInternal             : exinfo->useropen           = 00007FFA0E608630
[LOG] SystemI::createSoundInternal             : exinfo->userclose          = 00007FFA0E608600
[LOG] SystemI::createSoundInternal             : exinfo->userread           = 00007FFA0E608700
[LOG] SystemI::createSoundInternal             : exinfo->userseek           = 00007FFA0E6087C0
[LOG] SystemI::createSoundInternal             : exinfo->fileuserdata       = 000002439E05FEE8
[LOG] SystemI::createSoundInternal             : exinfo->initialseekpostype = 1
[LOG] SystemI::DSPCodecPoolRegister            : register codec pool for pool type 5
[LOG] SystemI::createSoundInternal             : Sample 0/1: name='FTS_Stone_03', format=2, channels=1, frequency=48000, lengthbytes=1600, lengthpcm=8766, pcmblocksize=0, loopstart=0, loopend=0, mode=0x00000000, channelmask=0x00000000, channelorder=0, peakvolume=0.023926.
[LOG] SystemI::createSoundInternal             : Create name='', mode=0x02000202
[LOG] SystemI::createSoundInternal             : exinfo->cbsize             = 224
[LOG] SystemI::createSoundInternal             : exinfo->length             = 18336
[LOG] SystemI::createSoundInternal             : exinfo->fileoffset         = 8544
[LOG] SystemI::createSoundInternal             : exinfo->numsubsounds       = 1
[LOG] SystemI::createSoundInternal             : exinfo->inclusionlist      = 000000A40CA2F4AC
[LOG] SystemI::createSoundInternal             : exinfo->inclusionlistnum   = 1
[LOG] SystemI::createSoundInternal             : exinfo->suggestedsoundtype = 5
[LOG] SystemI::createSoundInternal             : exinfo->useropen           = 00007FFA0E608630
[LOG] SystemI::createSoundInternal             : exinfo->userclose          = 00007FFA0E608600
[LOG] SystemI::createSoundInternal             : exinfo->userread           = 00007FFA0E608700
[LOG] SystemI::createSoundInternal             : exinfo->userseek           = 00007FFA0E6087C0
[LOG] SystemI::createSoundInternal             : exinfo->fileuserdata       = 000002439E05FEE8
[LOG] SystemI::createSoundInternal             : exinfo->initialseekpostype = 1
[LOG] SystemI::DSPCodecPoolRegister            : register codec pool for pool type 5
[LOG] SystemI::createSoundInternal             : Sample 0/1: name='FTS_Stone_12', format=2, channels=1, frequency=48000, lengthbytes=1888, lengthpcm=11048, pcmblocksize=0, loopstart=0, loopend=0, mode=0x00000000, channelmask=0x00000000, channelorder=0, peakvolume=0.008362.
[LOG] SystemI::createSoundInternal             : Create name='', mode=0x02000202
[LOG] SystemI::createSoundInternal             : exinfo->cbsize             = 224
[LOG] SystemI::createSoundInternal             : exinfo->length             = 18336
[LOG] SystemI::createSoundInternal             : exinfo->fileoffset         = 8544
[LOG] SystemI::createSoundInternal             : exinfo->numsubsounds       = 1
[LOG] SystemI::createSoundInternal             : exinfo->inclusionlist      = 000000A40CA2F4AC
[LOG] SystemI::createSoundInternal             : exinfo->inclusionlistnum   = 1
[LOG] SystemI::createSoundInternal             : exinfo->suggestedsoundtype = 5
[LOG] SystemI::createSoundInternal             : exinfo->useropen           = 00007FFA0E608630
[LOG] SystemI::createSoundInternal             : exinfo->userclose          = 00007FFA0E608600
[LOG] SystemI::createSoundInternal             : exinfo->userread           = 00007FFA0E608700
[LOG] SystemI::createSoundInternal             : exinfo->userseek           = 00007FFA0E6087C0
[LOG] SystemI::createSoundInternal             : exinfo->fileuserdata       = 000002439E05FEE8
[LOG] SystemI::createSoundInternal             : exinfo->initialseekpostype = 1
[LOG] SystemI::DSPCodecPoolRegister            : register codec pool for pool type 5
[LOG] SystemI::createSoundInternal             : Sample 0/1: name='FTS_Stone_09', format=2, channels=1, frequency=48000, lengthbytes=1664, lengthpcm=9263, pcmblocksize=0, loopstart=0, loopend=0, mode=0x00000000, channelmask=0x00000000, channelorder=0, peakvolume=0.032471.
[LOG] SystemI::createSoundInternal             : Create name='', mode=0x02000202
[LOG] SystemI::createSoundInternal             : exinfo->cbsize             = 224
[LOG] SystemI::createSoundInternal             : exinfo->length             = 18336
[LOG] SystemI::createSoundInternal             : exinfo->fileoffset         = 8544
[LOG] SystemI::createSoundInternal             : exinfo->numsubsounds       = 1
[LOG] SystemI::createSoundInternal             : exinfo->inclusionlist      = 000000A40CA2F4AC
[LOG] SystemI::createSoundInternal             : exinfo->inclusionlistnum   = 1
[LOG] SystemI::createSoundInternal             : exinfo->suggestedsoundtype = 5
[LOG] SystemI::createSoundInternal             : exinfo->useropen           = 00007FFA0E608630
[LOG] SystemI::createSoundInternal             : exinfo->userclose          = 00007FFA0E608600
[LOG] SystemI::createSoundInternal             : exinfo->userread           = 00007FFA0E608700
[LOG] SystemI::createSoundInternal             : exinfo->userseek           = 00007FFA0E6087C0
[LOG] SystemI::createSoundInternal             : exinfo->fileuserdata       = 000002439E05FEE8
[LOG] SystemI::createSoundInternal             : exinfo->initialseekpostype = 1
[LOG] SystemI::DSPCodecPoolRegister            : register codec pool for pool type 5
[LOG] SystemI::createSoundInternal             : Sample 0/1: name='FTS_Stone_02', format=2, channels=1, frequency=48000, lengthbytes=1728, lengthpcm=9984, pcmblocksize=0, loopstart=0, loopend=0, mode=0x00000000, channelmask=0x00000000, channelorder=0, peakvolume=0.044678.
[LOG] SoundI::release                          :  (0000024410E80918)
[LOG] SoundI::release                          :     FTS_Stone_01 (000002440B93A8D8)
[LOG] SoundI::release                          :  (000002440B9ABE78)
[LOG] SoundI::release                          :     FTS_Stone_02 (000002440B93BAB8)
[LOG] SoundI::release                          :  (000002440B9AA778)
[LOG] SoundI::release                          :     FTS_Stone_03 (000002440B93E358)
[LOG] SoundI::release                          :  (00000241BA58DA18)
[LOG] SoundI::release                          :     FTS_Stone_04 (000002440B93F058)
[LOG] SoundI::release                          :  (0000024410E80358)
[LOG] SoundI::release                          :     FTS_Stone_05 (000002440B93DE78)
[LOG] SoundI::release                          :  (0000024410E804C8)
[LOG] SoundI::release                          :     FTS_Stone_06 (000002440B93F878)
[LOG] SoundI::release                          :  (0000024410E80078)
[LOG] SoundI::release                          :     FTS_Stone_07 (000002440B93B438)
[LOG] SoundI::release                          :  (00000241BA58D178)
[LOG] SoundI::release                          :     FTS_Stone_08 (000002440B93F1F8)
[LOG] SoundI::release                          :  (000002440B9AC158)
[LOG] SoundI::release                          :     FTS_Stone_09 (000002440B93B778)
[LOG] SoundI::release                          :  (00000241BA58D738)
[LOG] SoundI::release                          :     FTS_Stone_10 (000002440B93CAF8)
[LOG] SoundI::release                          :  (00000241BA5EC718)
[LOG] SoundI::release                          :     FTS_Stone_11 (000002440B93D4B8)
[LOG] SoundI::release                          :  (000002440B9AABC8)
[LOG] SoundI::release                          :     FTS_Stone_12 (000002440B940238)
[LOG] Manager::readBank                        : fileversion = 125, compatVersion = 119 (oldest = 44, newest = 125)
[LOG] PlaybackSystem::acquireMasterBus         : Setting master channel group format to 6
[LOG] SystemI::createSoundInternal             : Create name='', mode=0x02000202
[LOG] SystemI::createSoundInternal             : exinfo->cbsize             = 224
[LOG] SystemI::createSoundInternal             : exinfo->length             = 18336
[LOG] SystemI::createSoundInternal             : exinfo->fileoffset         = 8544
[LOG] SystemI::createSoundInternal             : exinfo->numsubsounds       = 1
[LOG] SystemI::createSoundInternal             : exinfo->inclusionlist      = 000000A40CA2F4AC
[LOG] SystemI::createSoundInternal             : exinfo->inclusionlistnum   = 1
[LOG] SystemI::createSoundInternal             : exinfo->suggestedsoundtype = 5
[LOG] SystemI::createSoundInternal             : exinfo->useropen           = 00007FFA0E608630
[LOG] SystemI::createSoundInternal             : exinfo->userclose          = 00007FFA0E608600
[LOG] SystemI::createSoundInternal             : exinfo->userread           = 00007FFA0E608700
[LOG] SystemI::createSoundInternal             : exinfo->userseek           = 00007FFA0E6087C0
[LOG] SystemI::createSoundInternal             : exinfo->fileuserdata       = 000002439E062E58
[LOG] SystemI::createSoundInternal             : exinfo->initialseekpostype = 1
[LOG] SystemI::DSPCodecPoolRegister            : register codec pool for pool type 5
[LOG] SystemI::createSoundInternal             : Sample 0/1: name='FTS_Stone_06', format=2, channels=1, frequency=48000, lengthbytes=1184, lengthpcm=6390, pcmblocksize=0, loopstart=0, loopend=0, mode=0x00000000, channelmask=0x00000000, channelorder=0, peakvolume=0.051056.
[LOG] SystemI::createSoundInternal             : Create name='', mode=0x02000202
[LOG] SystemI::createSoundInternal             : exinfo->cbsize             = 224
[LOG] SystemI::createSoundInternal             : exinfo->length             = 18336
[LOG] SystemI::createSoundInternal             : exinfo->fileoffset         = 8544
[LOG] SystemI::createSoundInternal             : exinfo->numsubsounds       = 1
[LOG] SystemI::createSoundInternal             : exinfo->inclusionlist      = 000000A40CA2F4AC
[LOG] SystemI::createSoundInternal             : exinfo->inclusionlistnum   = 1
[LOG] SystemI::createSoundInternal             : exinfo->suggestedsoundtype = 5
[LOG] SystemI::createSoundInternal             : exinfo->useropen           = 00007FFA0E608630
[LOG] SystemI::createSoundInternal             : exinfo->userclose          = 00007FFA0E608600
[LOG] SystemI::createSoundInternal             : exinfo->userread           = 00007FFA0E608700
[LOG] SystemI::createSoundInternal             : exinfo->userseek           = 00007FFA0E6087C0
[LOG] SystemI::createSoundInternal             : exinfo->fileuserdata       = 000002439E062E58
[LOG] SystemI::createSoundInternal             : exinfo->initialseekpostype = 1
[LOG] SystemI::DSPCodecPoolRegister            : register codec pool for pool type 5
[LOG] SystemI::createSoundInternal             : Sample 0/1: name='FTS_Stone_07', format=2, channels=1, frequency=48000, lengthbytes=928, lengthpcm=4970, pcmblocksize=0, loopstart=0, loopend=0, mode=0x00000000, channelmask=0x00000000, channelorder=0, peakvolume=0.061981.
[LOG] SystemI::createSoundInternal             : Create name='', mode=0x02000202
[LOG] SystemI::createSoundInternal             : exinfo->cbsize             = 224
[LOG] SystemI::createSoundInternal             : exinfo->length             = 18336
[LOG] SystemI::createSoundInternal             : exinfo->fileoffset         = 8544
[LOG] SystemI::createSoundInternal             : exinfo->numsubsounds       = 1
[LOG] SystemI::createSoundInternal             : exinfo->inclusionlist      = 000000A40CA2F4AC
[LOG] SystemI::createSoundInternal             : exinfo->inclusionlistnum   = 1
[LOG] SystemI::createSoundInternal             : exinfo->suggestedsoundtype = 5
[LOG] SystemI::createSoundInternal             : exinfo->useropen           = 00007FFA0E608630
[LOG] SystemI::createSoundInternal             : exinfo->userclose          = 00007FFA0E608600
[LOG] SystemI::createSoundInternal             : exinfo->userread           = 00007FFA0E608700
[LOG] SystemI::createSoundInternal             : exinfo->userseek           = 00007FFA0E6087C0
[LOG] SystemI::createSoundInternal             : exinfo->fileuserdata       = 000002439E062E58
[LOG] SystemI::createSoundInternal             : exinfo->initialseekpostype = 1
[LOG] SystemI::DSPCodecPoolRegister            : register codec pool for pool type 5
[LOG] SystemI::createSoundInternal             : Sample 0/1: name='FTS_Stone_05', format=2, channels=1, frequency=48000, lengthbytes=1504, lengthpcm=7594, pcmblocksize=0, loopstart=0, loopend=0, mode=0x00000000, channelmask=0x00000000, channelorder=0, peakvolume=0.036011.
[LOG] SystemI::createSoundInternal             : Create name='', mode=0x02000202
[LOG] SystemI::createSoundInternal             : exinfo->cbsize             = 224
[LOG] SystemI::createSoundInternal             : exinfo->length             = 18336
[LOG] SystemI::createSoundInternal             : exinfo->fileoffset         = 8544
[LOG] SystemI::createSoundInternal             : exinfo->numsubsounds       = 1
[LOG] SystemI::createSoundInternal             : exinfo->inclusionlist      = 000000A40CA2F4AC
[LOG] SystemI::createSoundInternal             : exinfo->inclusionlistnum   = 1
[LOG] SystemI::createSoundInternal             : exinfo->suggestedsoundtype = 5
[LOG] SystemI::createSoundInternal             : exinfo->useropen           = 00007FFA0E608630
[LOG] SystemI::createSoundInternal             : exinfo->userclose          = 00007FFA0E608600
[LOG] SystemI::createSoundInternal             : exinfo->userread           = 00007FFA0E608700
[LOG] SystemI::createSoundInternal             : exinfo->userseek           = 00007FFA0E6087C0
[LOG] SystemI::createSoundInternal             : exinfo->fileuserdata       = 000002439E062E58
[LOG] SystemI::createSoundInternal             : exinfo->initialseekpostype = 1
[LOG] SystemI::DSPCodecPoolRegister            : register codec pool for pool type 5
[LOG] SystemI::createSoundInternal             : Sample 0/1: name='FTS_Stone_01', format=2, channels=1, frequency=48000, lengthbytes=1888, lengthpcm=11493, pcmblocksize=0, loopstart=0, loopend=0, mode=0x00000000, channelmask=0x00000000, channelorder=0, peakvolume=0.042969.
[LOG] SystemI::createSoundInternal             : Create name='', mode=0x02000202
[LOG] SystemI::createSoundInternal             : exinfo->cbsize             = 224
[LOG] SystemI::createSoundInternal             : exinfo->length             = 18336
[LOG] SystemI::createSoundInternal             : exinfo->fileoffset         = 8544
[LOG] SystemI::createSoundInternal             : exinfo->numsubsounds       = 1
[LOG] SystemI::createSoundInternal             : exinfo->inclusionlist      = 000000A40CA2F4AC
[LOG] SystemI::createSoundInternal             : exinfo->inclusionlistnum   = 1
[LOG] SystemI::createSoundInternal             : exinfo->suggestedsoundtype = 5
[LOG] SystemI::createSoundInternal             : exinfo->useropen           = 00007FFA0E608630
[LOG] SystemI::createSoundInternal             : exinfo->userclose          = 00007FFA0E608600
[LOG] SystemI::createSoundInternal             : exinfo->userread           = 00007FFA0E608700
[LOG] SystemI::createSoundInternal             : exinfo->userseek           = 00007FFA0E6087C0
[LOG] SystemI::createSoundInternal             : exinfo->fileuserdata       = 000002439E062E58
[LOG] SystemI::createSoundInternal             : exinfo->initialseekpostype = 1
[LOG] SystemI::DSPCodecPoolRegister            : register codec pool for pool type 5
[LOG] SystemI::createSoundInternal             : Sample 0/1: name='FTS_Stone_04', format=2, channels=1, frequency=48000, lengthbytes=1600, lengthpcm=9125, pcmblocksize=0, loopstart=0, loopend=0, mode=0x00000000, channelmask=0x00000000, channelorder=0, peakvolume=0.050476.
[LOG] SystemI::createSoundInternal             : Create name='', mode=0x02000202
[LOG] SystemI::createSoundInternal             : exinfo->cbsize             = 224
[LOG] SystemI::createSoundInternal             : exinfo->length             = 18336
[LOG] SystemI::createSoundInternal             : exinfo->fileoffset         = 8544
[LOG] SystemI::createSoundInternal             : exinfo->numsubsounds       = 1
[LOG] SystemI::createSoundInternal             : exinfo->inclusionlist      = 000000A40CA2F4AC
[LOG] SystemI::createSoundInternal             : exinfo->inclusionlistnum   = 1
[LOG] SystemI::createSoundInternal             : exinfo->suggestedsoundtype = 5
[LOG] SystemI::createSoundInternal             : exinfo->useropen           = 00007FFA0E608630
[LOG] SystemI::createSoundInternal             : exinfo->userclose          = 00007FFA0E608600
[LOG] SystemI::createSoundInternal             : exinfo->userread           = 00007FFA0E608700
[LOG] SystemI::createSoundInternal             : exinfo->userseek           = 00007FFA0E6087C0
[LOG] SystemI::createSoundInternal             : exinfo->fileuserdata       = 000002439E062E58
[LOG] SystemI::createSoundInternal             : exinfo->initialseekpostype = 1
[LOG] SystemI::DSPCodecPoolRegister            : register codec pool for pool type 5
[LOG] SystemI::createSoundInternal             : Sample 0/1: name='FTS_Stone_08', format=2, channels=1, frequency=48000, lengthbytes=1376, lengthpcm=7134, pcmblocksize=0, loopstart=0, loopend=0, mode=0x00000000, channelmask=0x00000000, channelorder=0, peakvolume=0.037537.
[LOG] SystemI::createSoundInternal             : Create name='', mode=0x02000202
[LOG] SystemI::createSoundInternal             : exinfo->cbsize             = 224
[LOG] SystemI::createSoundInternal             : exinfo->length             = 18336
[LOG] SystemI::createSoundInternal             : exinfo->fileoffset         = 8544
[LOG] SystemI::createSoundInternal             : exinfo->numsubsounds       = 1
[LOG] SystemI::createSoundInternal             : exinfo->inclusionlist      = 000000A40CA2F4AC
[LOG] SystemI::createSoundInternal             : exinfo->inclusionlistnum   = 1
[LOG] SystemI::createSoundInternal             : exinfo->suggestedsoundtype = 5
[LOG] SystemI::createSoundInternal             : exinfo->useropen           = 00007FFA0E608630
[LOG] SystemI::createSoundInternal             : exinfo->userclose          = 00007FFA0E608600
[LOG] SystemI::createSoundInternal             : exinfo->userread           = 00007FFA0E608700
[LOG] SystemI::createSoundInternal             : exinfo->userseek           = 00007FFA0E6087C0
[LOG] SystemI::createSoundInternal             : exinfo->fileuserdata       = 000002439E062E58
[LOG] SystemI::createSoundInternal             : exinfo->initialseekpostype = 1
[LOG] SystemI::DSPCodecPoolRegister            : register codec pool for pool type 5
[LOG] SystemI::createSoundInternal             : Sample 0/1: name='FTS_Stone_10', format=2, channels=1, frequency=48000, lengthbytes=1184, lengthpcm=6466, pcmblocksize=0, loopstart=0, loopend=0, mode=0x00000000, channelmask=0x00000000, channelorder=0, peakvolume=0.044159.
[LOG] SystemI::createSoundInternal             : Create name='', mode=0x02000202
[LOG] SystemI::createSoundInternal             : exinfo->cbsize             = 224
[LOG] SystemI::createSoundInternal             : exinfo->length             = 18336
[LOG] SystemI::createSoundInternal             : exinfo->fileoffset         = 8544
[LOG] SystemI::createSoundInternal             : exinfo->numsubsounds       = 1
[LOG] SystemI::createSoundInternal             : exinfo->inclusionlist      = 000000A40CA2F4AC
[LOG] SystemI::createSoundInternal             : exinfo->inclusionlistnum   = 1
[LOG] SystemI::createSoundInternal             : exinfo->suggestedsoundtype = 5
[LOG] SystemI::createSoundInternal             : exinfo->useropen           = 00007FFA0E608630
[LOG] SystemI::createSoundInternal             : exinfo->userclose          = 00007FFA0E608600
[LOG] SystemI::createSoundInternal             : exinfo->userread           = 00007FFA0E608700
[LOG] SystemI::createSoundInternal             : exinfo->userseek           = 00007FFA0E6087C0
[LOG] SystemI::createSoundInternal             : exinfo->fileuserdata       = 000002439E062E58
[LOG] SystemI::createSoundInternal             : exinfo->initialseekpostype = 1
[LOG] SystemI::DSPCodecPoolRegister            : register codec pool for pool type 5
[LOG] SystemI::createSoundInternal             : Sample 0/1: name='FTS_Stone_11', format=2, channels=1, frequency=48000, lengthbytes=1184, lengthpcm=6466, pcmblocksize=0, loopstart=0, loopend=0, mode=0x00000000, channelmask=0x00000000, channelorder=0, peakvolume=0.044159.
[LOG] SystemI::createSoundInternal             : Create name='', mode=0x02000202
[LOG] SystemI::createSoundInternal             : exinfo->cbsize             = 224
[LOG] SystemI::createSoundInternal             : exinfo->length             = 18336
[LOG] SystemI::createSoundInternal             : exinfo->fileoffset         = 8544
[LOG] SystemI::createSoundInternal             : exinfo->numsubsounds       = 1
[LOG] SystemI::createSoundInternal             : exinfo->inclusionlist      = 000000A40CA2F4AC
[LOG] SystemI::createSoundInternal             : exinfo->inclusionlistnum   = 1
[LOG] SystemI::createSoundInternal             : exinfo->suggestedsoundtype = 5
[LOG] SystemI::createSoundInternal             : exinfo->useropen           = 00007FFA0E608630
[LOG] SystemI::createSoundInternal             : exinfo->userclose          = 00007FFA0E608600
[LOG] SystemI::createSoundInternal             : exinfo->userread           = 00007FFA0E608700
[LOG] SystemI::createSoundInternal             : exinfo->userseek           = 00007FFA0E6087C0
[LOG] SystemI::createSoundInternal             : exinfo->fileuserdata       = 000002439E062E58
[LOG] SystemI::createSoundInternal             : exinfo->initialseekpostype = 1
[LOG] SystemI::DSPCodecPoolRegister            : register codec pool for pool type 5
[LOG] SystemI::createSoundInternal             : Sample 0/1: name='FTS_Stone_03', format=2, channels=1, frequency=48000, lengthbytes=1600, lengthpcm=8766, pcmblocksize=0, loopstart=0, loopend=0, mode=0x00000000, channelmask=0x00000000, channelorder=0, peakvolume=0.023926.
[LOG] SystemI::createSoundInternal             : Create name='', mode=0x02000202
[LOG] SystemI::createSoundInternal             : exinfo->cbsize             = 224
[LOG] SystemI::createSoundInternal             : exinfo->length             = 18336
[LOG] SystemI::createSoundInternal             : exinfo->fileoffset         = 8544
[LOG] SystemI::createSoundInternal             : exinfo->numsubsounds       = 1
[LOG] SystemI::createSoundInternal             : exinfo->inclusionlist      = 000000A40CA2F4AC
[LOG] SystemI::createSoundInternal             : exinfo->inclusionlistnum   = 1
[LOG] SystemI::createSoundInternal             : exinfo->suggestedsoundtype = 5
[LOG] SystemI::createSoundInternal             : exinfo->useropen           = 00007FFA0E608630
[LOG] SystemI::createSoundInternal             : exinfo->userclose          = 00007FFA0E608600
[LOG] SystemI::createSoundInternal             : exinfo->userread           = 00007FFA0E608700
[LOG] SystemI::createSoundInternal             : exinfo->userseek           = 00007FFA0E6087C0
[LOG] SystemI::createSoundInternal             : exinfo->fileuserdata       = 000002439E062E58
[LOG] SystemI::createSoundInternal             : exinfo->initialseekpostype = 1
[LOG] SystemI::DSPCodecPoolRegister            : register codec pool for pool type 5
[LOG] SystemI::createSoundInternal             : Sample 0/1: name='FTS_Stone_12', format=2, channels=1, frequency=48000, lengthbytes=1888, lengthpcm=11048, pcmblocksize=0, loopstart=0, loopend=0, mode=0x00000000, channelmask=0x00000000, channelorder=0, peakvolume=0.008362.
[LOG] SystemI::createSoundInternal             : Create name='', mode=0x02000202
[LOG] SystemI::createSoundInternal             : exinfo->cbsize             = 224
[LOG] SystemI::createSoundInternal             : exinfo->length             = 18336
[LOG] SystemI::createSoundInternal             : exinfo->fileoffset         = 8544
[LOG] SystemI::createSoundInternal             : exinfo->numsubsounds       = 1
[LOG] SystemI::createSoundInternal             : exinfo->inclusionlist      = 000000A40CA2F4AC
[LOG] SystemI::createSoundInternal             : exinfo->inclusionlistnum   = 1
[LOG] SystemI::createSoundInternal             : exinfo->suggestedsoundtype = 5
[LOG] SystemI::createSoundInternal             : exinfo->useropen           = 00007FFA0E608630
[LOG] SystemI::createSoundInternal             : exinfo->userclose          = 00007FFA0E608600
[LOG] SystemI::createSoundInternal             : exinfo->userread           = 00007FFA0E608700
[LOG] SystemI::createSoundInternal             : exinfo->userseek           = 00007FFA0E6087C0
[LOG] SystemI::createSoundInternal             : exinfo->fileuserdata       = 000002439E062E58
[LOG] SystemI::createSoundInternal             : exinfo->initialseekpostype = 1
[LOG] SystemI::DSPCodecPoolRegister            : register codec pool for pool type 5
[LOG] SystemI::createSoundInternal             : Sample 0/1: name='FTS_Stone_09', format=2, channels=1, frequency=48000, lengthbytes=1664, lengthpcm=9263, pcmblocksize=0, loopstart=0, loopend=0, mode=0x00000000, channelmask=0x00000000, channelorder=0, peakvolume=0.032471.
[LOG] SystemI::createSoundInternal             : Create name='', mode=0x02000202
[LOG] SystemI::createSoundInternal             : exinfo->cbsize             = 224
[LOG] SystemI::createSoundInternal             : exinfo->length             = 18336
[LOG] SystemI::createSoundInternal             : exinfo->fileoffset         = 8544
[LOG] SystemI::createSoundInternal             : exinfo->numsubsounds       = 1
[LOG] SystemI::createSoundInternal             : exinfo->inclusionlist      = 000000A40CA2F4AC
[LOG] SystemI::createSoundInternal             : exinfo->inclusionlistnum   = 1
[LOG] SystemI::createSoundInternal             : exinfo->suggestedsoundtype = 5
[LOG] SystemI::createSoundInternal             : exinfo->useropen           = 00007FFA0E608630
[LOG] SystemI::createSoundInternal             : exinfo->userclose          = 00007FFA0E608600
[LOG] SystemI::createSoundInternal             : exinfo->userread           = 00007FFA0E608700
[LOG] SystemI::createSoundInternal             : exinfo->userseek           = 00007FFA0E6087C0
[LOG] SystemI::createSoundInternal             : exinfo->fileuserdata       = 000002439E062E58
[LOG] SystemI::createSoundInternal             : exinfo->initialseekpostype = 1
[LOG] SystemI::DSPCodecPoolRegister            : register codec pool for pool type 5
[LOG] SystemI::createSoundInternal             : Sample 0/1: name='FTS_Stone_02', format=2, channels=1, frequency=48000, lengthbytes=1728, lengthpcm=9984, pcmblocksize=0, loopstart=0, loopend=0, mode=0x00000000, channelmask=0x00000000, channelorder=0, peakvolume=0.044678.
[LOG] SoundI::release                          :  (0000024410E80918)
[LOG] SoundI::release                          :     FTS_Stone_01 (000002440B93E358)
[LOG] SoundI::release                          :  (00000244111B9A68)
[LOG] SoundI::release                          :     FTS_Stone_02 (000002440B93E9D8)
[LOG] SoundI::release                          :  (00000244111B8368)
[LOG] SoundI::release                          :     FTS_Stone_03 (000002440B93E1B8)
[LOG] SoundI::release                          :  (00000241BA58D178)
[LOG] SoundI::release                          :     FTS_Stone_04 (000002440B93DE78)
[LOG] SoundI::release                          :  (0000024410E804C8)
[LOG] SoundI::release                          :     FTS_Stone_05 (000002440B940238)
[LOG] SoundI::release                          :  (0000024410E80358)
[LOG] SoundI::release                          :     FTS_Stone_06 (000002440B93F538)
[LOG] SoundI::release                          :  (0000024410E80078)
[LOG] SoundI::release                          :     FTS_Stone_07 (000002440B93FBB8)
[LOG] SoundI::release                          :  (00000241BA58D738)
[LOG] SoundI::release                          :     FTS_Stone_08 (000002440B93E018)
[LOG] SoundI::release                          :  (00000244111B87B8)
[LOG] SoundI::release                          :     FTS_Stone_09 (000002440B9403D8)
[LOG] SoundI::release                          :  (00000241BA58DA18)
[LOG] SoundI::release                          :     FTS_Stone_10 (000002440B93D4B8)
[LOG] SoundI::release                          :  (00000241BA5EC718)
[LOG] SoundI::release                          :     FTS_Stone_11 (000002440B93B0F8)
[LOG] SoundI::release                          :  (00000244111B8648)
[LOG] SoundI::release                          :     FTS_Stone_12 (000002440B93B298)
[LOG] Manager::readBank                        : fileversion = 125, compatVersion = 119 (oldest = 44, newest = 125)
[LOG] PlaybackSystem::acquireMasterBus         : Setting master channel group format to 6
[LOG] SystemI::createSoundInternal             : Create name='', mode=0x02000202
[LOG] SystemI::createSoundInternal             : exinfo->cbsize             = 224
[LOG] SystemI::createSoundInternal             : exinfo->length             = 18336
[LOG] SystemI::createSoundInternal             : exinfo->fileoffset         = 8544
[LOG] SystemI::createSoundInternal             : exinfo->numsubsounds       = 1
[LOG] SystemI::createSoundInternal             : exinfo->inclusionlist      = 000000A40CA2F4AC
[LOG] SystemI::createSoundInternal             : exinfo->inclusionlistnum   = 1
[LOG] SystemI::createSoundInternal             : exinfo->suggestedsoundtype = 5
[LOG] SystemI::createSoundInternal             : exinfo->useropen           = 00007FFA0E608630
[LOG] SystemI::createSoundInternal             : exinfo->userclose          = 00007FFA0E608600
[LOG] SystemI::createSoundInternal             : exinfo->userread           = 00007FFA0E608700
[LOG] SystemI::createSoundInternal             : exinfo->userseek           = 00007FFA0E6087C0
[LOG] SystemI::createSoundInternal             : exinfo->fileuserdata       = 000002439E062828
[LOG] SystemI::createSoundInternal             : exinfo->initialseekpostype = 1
[LOG] SystemI::DSPCodecPoolRegister            : register codec pool for pool type 5
[LOG] SystemI::createSoundInternal             : Sample 0/1: name='FTS_Stone_06', format=2, channels=1, frequency=48000, lengthbytes=1184, lengthpcm=6390, pcmblocksize=0, loopstart=0, loopend=0, mode=0x00000000, channelmask=0x00000000, channelorder=0, peakvolume=0.051056.
[LOG] SystemI::createSoundInternal             : Create name='', mode=0x02000202
[LOG] SystemI::createSoundInternal             : exinfo->cbsize             = 224
[LOG] SystemI::createSoundInternal             : exinfo->length             = 18336
[LOG] SystemI::createSoundInternal             : exinfo->fileoffset         = 8544
[LOG] SystemI::createSoundInternal             : exinfo->numsubsounds       = 1
[LOG] SystemI::createSoundInternal             : exinfo->inclusionlist      = 000000A40CA2F4AC
[LOG] SystemI::createSoundInternal             : exinfo->inclusionlistnum   = 1
[LOG] SystemI::createSoundInternal             : exinfo->suggestedsoundtype = 5
[LOG] SystemI::createSoundInternal             : exinfo->useropen           = 00007FFA0E608630
[LOG] SystemI::createSoundInternal             : exinfo->userclose          = 00007FFA0E608600
[LOG] SystemI::createSoundInternal             : exinfo->userread           = 00007FFA0E608700
[LOG] SystemI::createSoundInternal             : exinfo->userseek           = 00007FFA0E6087C0
[LOG] SystemI::createSoundInternal             : exinfo->fileuserdata       = 000002439E062828
[LOG] SystemI::createSoundInternal             : exinfo->initialseekpostype = 1
[LOG] SystemI::DSPCodecPoolRegister            : register codec pool for pool type 5
[LOG] SystemI::createSoundInternal             : Sample 0/1: name='FTS_Stone_07', format=2, channels=1, frequency=48000, lengthbytes=928, lengthpcm=4970, pcmblocksize=0, loopstart=0, loopend=0, mode=0x00000000, channelmask=0x00000000, channelorder=0, peakvolume=0.061981.
[LOG] SystemI::createSoundInternal             : Create name='', mode=0x02000202
[LOG] SystemI::createSoundInternal             : exinfo->cbsize             = 224
[LOG] SystemI::createSoundInternal             : exinfo->length             = 18336
[LOG] SystemI::createSoundInternal             : exinfo->fileoffset         = 8544
[LOG] SystemI::createSoundInternal             : exinfo->numsubsounds       = 1
[LOG] SystemI::createSoundInternal             : exinfo->inclusionlist      = 000000A40CA2F4AC
[LOG] SystemI::createSoundInternal             : exinfo->inclusionlistnum   = 1
[LOG] SystemI::createSoundInternal             : exinfo->suggestedsoundtype = 5
[LOG] SystemI::createSoundInternal             : exinfo->useropen           = 00007FFA0E608630
[LOG] SystemI::createSoundInternal             : exinfo->userclose          = 00007FFA0E608600
[LOG] SystemI::createSoundInternal             : exinfo->userread           = 00007FFA0E608700
[LOG] SystemI::createSoundInternal             : exinfo->userseek           = 00007FFA0E6087C0
[LOG] SystemI::createSoundInternal             : exinfo->fileuserdata       = 000002439E062828
[LOG] SystemI::createSoundInternal             : exinfo->initialseekpostype = 1
[LOG] SystemI::DSPCodecPoolRegister            : register codec pool for pool type 5
[LOG] SystemI::createSoundInternal             : Sample 0/1: name='FTS_Stone_05', format=2, channels=1, frequency=48000, lengthbytes=1504, lengthpcm=7594, pcmblocksize=0, loopstart=0, loopend=0, mode=0x00000000, channelmask=0x00000000, channelorder=0, peakvolume=0.036011.
[LOG] SystemI::createSoundInternal             : Create name='', mode=0x02000202
[LOG] SystemI::createSoundInternal             : exinfo->cbsize             = 224
[LOG] SystemI::createSoundInternal             : exinfo->length             = 18336
[LOG] SystemI::createSoundInternal             : exinfo->fileoffset         = 8544
[LOG] SystemI::createSoundInternal             : exinfo->numsubsounds       = 1
[LOG] SystemI::createSoundInternal             : exinfo->inclusionlist      = 000000A40CA2F4AC
[LOG] SystemI::createSoundInternal             : exinfo->inclusionlistnum   = 1
[LOG] SystemI::createSoundInternal             : exinfo->suggestedsoundtype = 5
[LOG] SystemI::createSoundInternal             : exinfo->useropen           = 00007FFA0E608630
[LOG] SystemI::createSoundInternal             : exinfo->userclose          = 00007FFA0E608600
[LOG] SystemI::createSoundInternal             : exinfo->userread           = 00007FFA0E608700
[LOG] SystemI::createSoundInternal             : exinfo->userseek           = 00007FFA0E6087C0
[LOG] SystemI::createSoundInternal             : exinfo->fileuserdata       = 000002439E062828
[LOG] SystemI::createSoundInternal             : exinfo->initialseekpostype = 1
[LOG] SystemI::DSPCodecPoolRegister            : register codec pool for pool type 5
[LOG] SystemI::createSoundInternal             : Sample 0/1: name='FTS_Stone_01', format=2, channels=1, frequency=48000, lengthbytes=1888, lengthpcm=11493, pcmblocksize=0, loopstart=0, loopend=0, mode=0x00000000, channelmask=0x00000000, channelorder=0, peakvolume=0.042969.
[LOG] SystemI::createSoundInternal             : Create name='', mode=0x02000202
[LOG] SystemI::createSoundInternal             : exinfo->cbsize             = 224
[LOG] SystemI::createSoundInternal             : exinfo->length             = 18336
[LOG] SystemI::createSoundInternal             : exinfo->fileoffset         = 8544
[LOG] SystemI::createSoundInternal             : exinfo->numsubsounds       = 1
[LOG] SystemI::createSoundInternal             : exinfo->inclusionlist      = 000000A40CA2F4AC
[LOG] SystemI::createSoundInternal             : exinfo->inclusionlistnum   = 1
[LOG] SystemI::createSoundInternal             : exinfo->suggestedsoundtype = 5
[LOG] SystemI::createSoundInternal             : exinfo->useropen           = 00007FFA0E608630
[LOG] SystemI::createSoundInternal             : exinfo->userclose          = 00007FFA0E608600
[LOG] SystemI::createSoundInternal             : exinfo->userread           = 00007FFA0E608700
[LOG] SystemI::createSoundInternal             : exinfo->userseek           = 00007FFA0E6087C0
[LOG] SystemI::createSoundInternal             : exinfo->fileuserdata       = 000002439E062828
[LOG] SystemI::createSoundInternal             : exinfo->initialseekpostype = 1
[LOG] SystemI::DSPCodecPoolRegister            : register codec pool for pool type 5
[LOG] SystemI::createSoundInternal             : Sample 0/1: name='FTS_Stone_04', format=2, channels=1, frequency=48000, lengthbytes=1600, lengthpcm=9125, pcmblocksize=0, loopstart=0, loopend=0, mode=0x00000000, channelmask=0x00000000, channelorder=0, peakvolume=0.050476.
[LOG] SystemI::createSoundInternal             : Create name='', mode=0x02000202
[LOG] SystemI::createSoundInternal             : exinfo->cbsize             = 224
[LOG] SystemI::createSoundInternal             : exinfo->length             = 18336
[LOG] SystemI::createSoundInternal             : exinfo->fileoffset         = 8544
[LOG] SystemI::createSoundInternal             : exinfo->numsubsounds       = 1
[LOG] SystemI::createSoundInternal             : exinfo->inclusionlist      = 000000A40CA2F4AC
[LOG] SystemI::createSoundInternal             : exinfo->inclusionlistnum   = 1
[LOG] SystemI::createSoundInternal             : exinfo->suggestedsoundtype = 5
[LOG] SystemI::createSoundInternal             : exinfo->useropen           = 00007FFA0E608630
[LOG] SystemI::createSoundInternal             : exinfo->userclose          = 00007FFA0E608600
[LOG] SystemI::createSoundInternal             : exinfo->userread           = 00007FFA0E608700
[LOG] SystemI::createSoundInternal             : exinfo->userseek           = 00007FFA0E6087C0
[LOG] SystemI::createSoundInternal             : exinfo->fileuserdata       = 000002439E062828
[LOG] SystemI::createSoundInternal             : exinfo->initialseekpostype = 1
[LOG] SystemI::DSPCodecPoolRegister            : register codec pool for pool type 5
[LOG] SystemI::createSoundInternal             : Sample 0/1: name='FTS_Stone_08', format=2, channels=1, frequency=48000, lengthbytes=1376, lengthpcm=7134, pcmblocksize=0, loopstart=0, loopend=0, mode=0x00000000, channelmask=0x00000000, channelorder=0, peakvolume=0.037537.
[LOG] SystemI::createSoundInternal             : Create name='', mode=0x02000202
[LOG] SystemI::createSoundInternal             : exinfo->cbsize             = 224
[LOG] SystemI::createSoundInternal             : exinfo->length             = 18336
[LOG] SystemI::createSoundInternal             : exinfo->fileoffset         = 8544
[LOG] SystemI::createSoundInternal             : exinfo->numsubsounds       = 1
[LOG] SystemI::createSoundInternal             : exinfo->inclusionlist      = 000000A40CA2F4AC
[LOG] SystemI::createSoundInternal             : exinfo->inclusionlistnum   = 1
[LOG] SystemI::createSoundInternal             : exinfo->suggestedsoundtype = 5
[LOG] SystemI::createSoundInternal             : exinfo->useropen           = 00007FFA0E608630
[LOG] SystemI::createSoundInternal             : exinfo->userclose          = 00007FFA0E608600
[LOG] SystemI::createSoundInternal             : exinfo->userread           = 00007FFA0E608700
[LOG] SystemI::createSoundInternal             : exinfo->userseek           = 00007FFA0E6087C0
[LOG] SystemI::createSoundInternal             : exinfo->fileuserdata       = 000002439E062828
[LOG] SystemI::createSoundInternal             : exinfo->initialseekpostype = 1
[LOG] SystemI::DSPCodecPoolRegister            : register codec pool for pool type 5
[LOG] SystemI::createSoundInternal             : Sample 0/1: name='FTS_Stone_10', format=2, channels=1, frequency=48000, lengthbytes=1184, lengthpcm=6466, pcmblocksize=0, loopstart=0, loopend=0, mode=0x00000000, channelmask=0x00000000, channelorder=0, peakvolume=0.044159.
[LOG] SystemI::createSoundInternal             : Create name='', mode=0x02000202
[LOG] SystemI::createSoundInternal             : exinfo->cbsize             = 224
[LOG] SystemI::createSoundInternal             : exinfo->length             = 18336
[LOG] SystemI::createSoundInternal             : exinfo->fileoffset         = 8544
[LOG] SystemI::createSoundInternal             : exinfo->numsubsounds       = 1
[LOG] SystemI::createSoundInternal             : exinfo->inclusionlist      = 000000A40CA2F4AC
[LOG] SystemI::createSoundInternal             : exinfo->inclusionlistnum   = 1
[LOG] SystemI::createSoundInternal             : exinfo->suggestedsoundtype = 5
[LOG] SystemI::createSoundInternal             : exinfo->useropen           = 00007FFA0E608630
[LOG] SystemI::createSoundInternal             : exinfo->userclose          = 00007FFA0E608600
[LOG] SystemI::createSoundInternal             : exinfo->userread           = 00007FFA0E608700
[LOG] SystemI::createSoundInternal             : exinfo->userseek           = 00007FFA0E6087C0
[LOG] SystemI::createSoundInternal             : exinfo->fileuserdata       = 000002439E062828
[LOG] SystemI::createSoundInternal             : exinfo->initialseekpostype = 1
[LOG] SystemI::DSPCodecPoolRegister            : register codec pool for pool type 5
[LOG] SystemI::createSoundInternal             : Sample 0/1: name='FTS_Stone_11', format=2, channels=1, frequency=48000, lengthbytes=1184, lengthpcm=6466, pcmblocksize=0, loopstart=0, loopend=0, mode=0x00000000, channelmask=0x00000000, channelorder=0, peakvolume=0.044159.
[LOG] SystemI::createSoundInternal             : Create name='', mode=0x02000202
[LOG] SystemI::createSoundInternal             : exinfo->cbsize             = 224
[LOG] SystemI::createSoundInternal             : exinfo->length             = 18336
[LOG] SystemI::createSoundInternal             : exinfo->fileoffset         = 8544
[LOG] SystemI::createSoundInternal             : exinfo->numsubsounds       = 1
[LOG] SystemI::createSoundInternal             : exinfo->inclusionlist      = 000000A40CA2F4AC
[LOG] SystemI::createSoundInternal             : exinfo->inclusionlistnum   = 1
[LOG] SystemI::createSoundInternal             : exinfo->suggestedsoundtype = 5
[LOG] SystemI::createSoundInternal             : exinfo->useropen           = 00007FFA0E608630
[LOG] SystemI::createSoundInternal             : exinfo->userclose          = 00007FFA0E608600
[LOG] SystemI::createSoundInternal             : exinfo->userread           = 00007FFA0E608700
[LOG] SystemI::createSoundInternal             : exinfo->userseek           = 00007FFA0E6087C0
[LOG] SystemI::createSoundInternal             : exinfo->fileuserdata       = 000002439E062828
[LOG] SystemI::createSoundInternal             : exinfo->initialseekpostype = 1
[LOG] SystemI::DSPCodecPoolRegister            : register codec pool for pool type 5
[LOG] SystemI::createSoundInternal             : Sample 0/1: name='FTS_Stone_03', format=2, channels=1, frequency=48000, lengthbytes=1600, lengthpcm=8766, pcmblocksize=0, loopstart=0, loopend=0, mode=0x00000000, channelmask=0x00000000, channelorder=0, peakvolume=0.023926.
[LOG] SystemI::createSoundInternal             : Create name='', mode=0x02000202
[LOG] SystemI::createSoundInternal             : exinfo->cbsize             = 224
[LOG] SystemI::createSoundInternal             : exinfo->length             = 18336
[LOG] SystemI::createSoundInternal             : exinfo->fileoffset         = 8544
[LOG] SystemI::createSoundInternal             : exinfo->numsubsounds       = 1
[LOG] SystemI::createSoundInternal             : exinfo->inclusionlist      = 000000A40CA2F4AC
[LOG] SystemI::createSoundInternal             : exinfo->inclusionlistnum   = 1
[LOG] SystemI::createSoundInternal             : exinfo->suggestedsoundtype = 5
[LOG] SystemI::createSoundInternal             : exinfo->useropen           = 00007FFA0E608630
[LOG] SystemI::createSoundInternal             : exinfo->userclose          = 00007FFA0E608600
[LOG] SystemI::createSoundInternal             : exinfo->userread           = 00007FFA0E608700
[LOG] SystemI::createSoundInternal             : exinfo->userseek           = 00007FFA0E6087C0
[LOG] SystemI::createSoundInternal             : exinfo->fileuserdata       = 000002439E062828
[LOG] SystemI::createSoundInternal             : exinfo->initialseekpostype = 1
[LOG] SystemI::DSPCodecPoolRegister            : register codec pool for pool type 5
[LOG] SystemI::createSoundInternal             : Sample 0/1: name='FTS_Stone_12', format=2, channels=1, frequency=48000, lengthbytes=1888, lengthpcm=11048, pcmblocksize=0, loopstart=0, loopend=0, mode=0x00000000, channelmask=0x00000000, channelorder=0, peakvolume=0.008362.
[LOG] SystemI::createSoundInternal             : Create name='', mode=0x02000202
[LOG] SystemI::createSoundInternal             : exinfo->cbsize             = 224
[LOG] SystemI::createSoundInternal             : exinfo->length             = 18336
[LOG] SystemI::createSoundInternal             : exinfo->fileoffset         = 8544
[LOG] SystemI::createSoundInternal             : exinfo->numsubsounds       = 1
[LOG] SystemI::createSoundInternal             : exinfo->inclusionlist      = 000000A40CA2F4AC
[LOG] SystemI::createSoundInternal             : exinfo->inclusionlistnum   = 1
[LOG] SystemI::createSoundInternal             : exinfo->suggestedsoundtype = 5
[LOG] SystemI::createSoundInternal             : exinfo->useropen           = 00007FFA0E608630
[LOG] SystemI::createSoundInternal             : exinfo->userclose          = 00007FFA0E608600
[LOG] SystemI::createSoundInternal             : exinfo->userread           = 00007FFA0E608700
[LOG] SystemI::createSoundInternal             : exinfo->userseek           = 00007FFA0E6087C0
[LOG] SystemI::createSoundInternal             : exinfo->fileuserdata       = 000002439E062828
[LOG] SystemI::createSoundInternal             : exinfo->initialseekpostype = 1
[LOG] SystemI::DSPCodecPoolRegister            : register codec pool for pool type 5
[LOG] SystemI::createSoundInternal             : Sample 0/1: name='FTS_Stone_09', format=2, channels=1, frequency=48000, lengthbytes=1664, lengthpcm=9263, pcmblocksize=0, loopstart=0, loopend=0, mode=0x00000000, channelmask=0x00000000, channelorder=0, peakvolume=0.032471.
[LOG] SystemI::createSoundInternal             : Create name='', mode=0x02000202
[LOG] SystemI::createSoundInternal             : exinfo->cbsize             = 224
[LOG] SystemI::createSoundInternal             : exinfo->length             = 18336
[LOG] SystemI::createSoundInternal             : exinfo->fileoffset         = 8544
[LOG] SystemI::createSoundInternal             : exinfo->numsubsounds       = 1
[LOG] SystemI::createSoundInternal             : exinfo->inclusionlist      = 000000A40CA2F4AC
[LOG] SystemI::createSoundInternal             : exinfo->inclusionlistnum   = 1
[LOG] SystemI::createSoundInternal             : exinfo->suggestedsoundtype = 5
[LOG] SystemI::createSoundInternal             : exinfo->useropen           = 00007FFA0E608630
[LOG] SystemI::createSoundInternal             : exinfo->userclose          = 00007FFA0E608600
[LOG] SystemI::createSoundInternal             : exinfo->userread           = 00007FFA0E608700
[LOG] SystemI::createSoundInternal             : exinfo->userseek           = 00007FFA0E6087C0
[LOG] SystemI::createSoundInternal             : exinfo->fileuserdata       = 000002439E062828
[LOG] SystemI::createSoundInternal             : exinfo->initialseekpostype = 1
[LOG] SystemI::DSPCodecPoolRegister            : register codec pool for pool type 5
[LOG] SystemI::createSoundInternal             : Sample 0/1: name='FTS_Stone_02', format=2, channels=1, frequency=48000, lengthbytes=1728, lengthpcm=9984, pcmblocksize=0, loopstart=0, loopend=0, mode=0x00000000, channelmask=0x00000000, channelorder=0, peakvolume=0.044678.
[LOG] SoundI::release                          :  (0000024410E80918)
[LOG] SoundI::release                          :     FTS_Stone_01 (000002440B93D658)
[LOG] SoundI::release                          :  (0000024411197728)
[LOG] SoundI::release                          :     FTS_Stone_02 (000002440B93BF98)
[LOG] SoundI::release                          :  (0000024411196198)
[LOG] SoundI::release                          :     FTS_Stone_03 (000002440B93FEF8)
[LOG] SoundI::release                          :  (00000241BA58D738)
[LOG] SoundI::release                          :     FTS_Stone_04 (000002440B93A8D8)
[LOG] SoundI::release                          :  (0000024410E80078)
[LOG] SoundI::release                          :     FTS_Stone_05 (000002440B93BAB8)
[LOG] SoundI::release                          :  (0000024410E804C8)
[LOG] SoundI::release                          :     FTS_Stone_06 (000002440B93B5D8)
[LOG] SoundI::release                          :  (0000024410E80358)
[LOG] SoundI::release                          :     FTS_Stone_07 (000002440B93DB38)
[LOG] SoundI::release                          :  (00000241BA58D178)
[LOG] SoundI::release                          :     FTS_Stone_08 (000002440B940098)
[LOG] SoundI::release                          :  (00000244111968C8)
[LOG] SoundI::release                          :     FTS_Stone_09 (000002440B93C958)
[LOG] SoundI::release                          :  (00000241BA58DA18)
[LOG] SoundI::release                          :     FTS_Stone_10 (000002440B93D4B8)
[LOG] SoundI::release                          :  (00000241BA5EC718)
[LOG] SoundI::release                          :     FTS_Stone_11 (000002440B93EB78)
[LOG] SoundI::release                          :  (0000024411196A38)
[LOG] SoundI::release                          :     FTS_Stone_12 (000002440B93E9D8)
[LOG] Manager::readBank                        : fileversion = 125, compatVersion = 119 (oldest = 44, newest = 125)
[LOG] Manager::readBank                        : fileversion = 125, compatVersion = 119 (oldest = 44, newest = 125)
[LOG] Manager::readBank                        : fileversion = 125, compatVersion = 119 (oldest = 44, newest = 125)
[LOG] PlaybackSystem::acquireMasterBus         : Setting master channel group format to 6
[LOG] Manager::readBank                        : fileversion = 125, compatVersion = 119 (oldest = 44, newest = 125)
[LOG] Manager::readBank                        : fileversion = 125, compatVersion = 119 (oldest = 44, newest = 125)
[LOG] Manager::readBank                        : fileversion = 125, compatVersion = 119 (oldest = 44, newest = 125)
[LOG] PlaybackSystem::acquireMasterBus         : Setting master channel group format to 6
