
=== Sat Apr 27 13:38:47 2019

Packages were changed.
Update Mode: updateDependencies

The following packages were added:
  com.unity.collab-proxy@1.2.16
  com.unity.timeline@1.0.0
  com.unity.multiplayer-hlapi@1.0.2
  com.unity.xr.legacyinputhelpers@2.0.2
The following packages were updated:
  com.unity.analytics from version 2.0.16 to 3.3.2
  com.unity.package-manager-ui from version 1.9.11 to 2.1.2
  com.unity.purchasing from version 2.0.3 to 2.0.6
  com.unity.textmeshpro from version 1.2.4 to 2.0.0

=== Sat Aug 31 11:58:33 2019

Packages were changed.
Update Mode: updateDependencies

The following packages were updated:
  com.unity.textmeshpro from version 2.0.0 to 2.0.1

=== Mon Feb  3 11:42:19 2020

Packages were changed.
Update Mode: updateDependencies

The following packages were added:
  com.unity.2d.tilemap@1.0.0
  com.unity.test-framework@1.1.9
  com.unity.2d.sprite@1.0.0
  com.unity.ide.vscode@1.1.3
  com.unity.ide.rider@1.1.4
  com.unity.ugui@1.0.0
  com.unity.modules.androidjni@1.0.0
The following packages were updated:
  com.unity.postprocessing from version 2.1.6 to 2.2.2
  com.unity.probuilder from version 4.0.4 to 4.1.2
  com.unity.render-pipelines.lightweight from version 5.7.2 to 7.1.7
  com.unity.shadergraph from version 5.7.2 to 7.1.7
  com.unity.timeline from version 1.0.0 to 1.2.9
The following packages were removed:
  com.unity.package-manager-ui@2.1.2

=== Mon Feb 10 15:22:57 2020

Packages were changed.
Update Mode: updateDependencies

The following packages were updated:
  com.unity.ide.vscode from version 1.1.3 to 1.1.4
  com.unity.postprocessing from version 2.2.2 to 2.3.0
  com.unity.probuilder from version 4.1.2 to 4.2.3
  com.unity.render-pipelines.lightweight from version 7.1.7 to 7.1.8
  com.unity.shadergraph from version 7.1.7 to 7.1.8
  com.unity.timeline from version 1.2.9 to 1.2.10

=== Fri Feb 21 22:16:59 2020

Packages were changed.
Update Mode: updateDependencies

The following packages were updated:
  com.unity.test-framework from version 1.1.9 to 1.1.11

=== Sat Mar  7 13:36:06 2020

Packages were changed.
Update Mode: updateDependencies

The following packages were updated:
  com.unity.timeline from version 1.2.10 to 1.2.12

=== Fri Jul  3 13:18:28 2020

Packages were changed.
Update Mode: updateDependencies

The following packages were updated:
  com.unity.ide.vscode from version 1.1.4 to 1.2.1
  com.unity.render-pipelines.lightweight from version 7.1.8 to 7.3.1
  com.unity.shadergraph from version 7.1.8 to 7.3.1
  com.unity.test-framework from version 1.1.11 to 1.1.14

=== Thu Jul 23 16:09:46 2020

Packages were changed.
Update Mode: updateDependencies

The following packages were added:
  com.unity.ide.visualstudio@2.0.2
The following packages were updated:
  com.unity.cinemachine from version 2.3.4 to 2.5.0
  com.unity.ide.rider from version 1.1.4 to 1.2.1
  com.unity.render-pipelines.lightweight from version 7.3.1 to 8.2.0
  com.unity.shadergraph from version 7.3.1 to 8.2.0
  com.unity.textmeshpro from version 2.0.1 to 3.0.0-preview.1

=== Sun Nov  1 16:29:21 2020

Packages were changed.
Update Mode: updateDependencies

The following packages were updated:
  com.unity.ide.visualstudio from version 2.0.2 to 2.0.3
  com.unity.ide.vscode from version 1.2.1 to 1.2.2
  com.unity.test-framework from version 1.1.14 to 1.1.18
  com.unity.textmeshpro from version 3.0.0-preview.1 to 3.0.1
